
font3.o:     file format elf32-littlearm

Sections:
Idx Name          Size      VMA       LMA       File off  Algn
  0 .text         00000000  00000000  00000000  00000034  2**0
                  CONTENTS, ALLOC, LOAD, READONLY, CODE
  1 .data         00000000  00000000  00000000  00000034  2**0
                  CONTENTS, ALLOC, LOAD, DATA
  2 .bss          00000000  00000000  00000000  00000034  2**0
                  ALLOC
  3 .debug_abbrev 00000049  00000000  00000000  00000034  2**0
                  CONTENTS, READONLY, DEBUGGING
  4 .debug_info   0000005c  00000000  00000000  0000007d  2**0
                  CONTENTS, RELOC, READONLY, DEBUGGING
  5 .debug_line   00000028  00000000  00000000  000000d9  2**0
                  CONTENTS, READONLY, DEBUGGING
  6 .rodata       00001509  00000000  00000000  00000101  2**0
                  CONTENTS, ALLOC, LOAD, READONLY, DATA
  7 .debug_pubnames 00000025  00000000  00000000  0000160a  2**0
                  CONTENTS, RELOC, READONLY, DEBUGGING
  8 .debug_str    0000006b  00000000  00000000  0000162f  2**0
                  CONTENTS, READONLY, DEBUGGING
  9 .comment      0000001b  00000000  00000000  0000169a  2**0
                  CONTENTS, READONLY
